{
  "id": "evt_1DRPR0BdcsnyYyzePeTnVRqn",
  "object": "event",
  "api_version": "2018-09-24",
  "created": 1541014377,
  "data": {
    "object": {
      "id": "ch_1DRPQzBdcsnyYyzeE6guI0Eo",
      "object": "charge",
      "amount": 5000,
      "amount_refunded": 0,
      "application": null,
      "application_fee": null,
      "balance_transaction": "txn_1DRPQzBdcsnyYyzetCxEIOlY",
      "captured": true,
      "created": 1541014377,
      "currency": "brl",
      "customer": "cus_DtBUBjtI9kYN2E",
      "description": null,
      "destination": null,
      "dispute": null,
      "failure_code": null,
      "failure_message": null,
      "fraud_details": {
      },
      "invoice": "in_1DRPQyBdcsnyYyzeMc3Oa063",
      "livemode": false,
      "metadata": {
      },
      "on_behalf_of": null,
      "order": null,
      "outcome": {
        "network_status": "approved_by_network",
        "reason": null,
        "risk_level": "normal",
        "risk_score": 14,
        "seller_message": "Payment complete.",
        "type": "authorized"
      },
      "paid": true,
      "payment_intent": null,
      "receipt_email": null,
      "receipt_number": null,
      "refunded": false,
      "refunds": {
        "object": "list",
        "data": [

        ],
        "has_more": false,
        "total_count": 0,
        "url": "/v1/charges/ch_1DRPQzBdcsnyYyzeE6guI0Eo/refunds"
      },
      "review": null,
      "shipping": null,
      "source": {
        "id": "card_1DRP7oBdcsnyYyzegWrGzuOU",
        "object": "card",
        "address_city": null,
        "address_country": null,
        "address_line1": null,
        "address_line1_check": null,
        "address_line2": null,
        "address_state": null,
        "address_zip": null,
        "address_zip_check": null,
        "brand": "Visa",
        "country": "US",
        "customer": "cus_DtBUBjtI9kYN2E",
        "cvc_check": null,
        "dynamic_last4": null,
        "exp_month": 11,
        "exp_year": 2019,
        "fingerprint": "JMojsGUZXFKkIfnX",
        "funding": "credit",
        "last4": "4242",
        "metadata": {
        },
        "name": "eric@mail.com",
        "tokenization_method": null
      },
      "source_transfer": null,
      "statement_descriptor": null,
      "status": "succeeded",
      "transfer_group": null
    }
  },
  "livemode": false,
  "pending_webhooks": 1,
  "request": {
    "id": "req_UPcguhcMblfmSo",
    "idempotency_key": null
  },
  "type": "charge.succeeded"
}